<?xml version="1.0" encoding="UTF-8"?>
<testsuite name="coursework.AuthService.AuthServiceApplicationTests" tests="1" skipped="0" failures="0" errors="0" timestamp="2024-05-19T15:54:18" hostname="YURYZIMAREV" time="1.124">
  <properties/>
  <testcase name="contextLoads()" classname="coursework.AuthService.AuthServiceApplicationTests" time="1.124"/>
  <system-out><![CDATA[18:54:14.937 [Test worker] INFO org.springframework.test.context.support.AnnotationConfigContextLoaderUtils -- Could not detect default configuration classes for test class [coursework.AuthService.AuthServiceApplicationTests]: AuthServiceApplicationTests does not declare any static, non-private, non-final, nested classes annotated with @Configuration.
18:54:15.083 [Test worker] INFO org.springframework.boot.test.context.SpringBootTestContextBootstrapper -- Found @SpringBootConfiguration coursework.AuthService.AuthServiceApplication for test class coursework.AuthService.AuthServiceApplicationTests

  .   ____          _            __ _ _
 /\\ / ___'_ __ _ _(_)_ __  __ _ \ \ \ \
( ( )\___ | '_ | '_| | '_ \/ _` | \ \ \ \
 \\/  ___)| |_)| | | | | || (_| |  ) ) ) )
  '  |____| .__|_| |_|_| |_\__, | / / / /
 =========|_|==============|___/=/_/_/_/
 :: Spring Boot ::                (v3.2.5)

2024-05-19T18:54:15.672+03:00  INFO 6540 --- [AuthService] [    Test worker] c.A.AuthServiceApplicationTests          : Starting AuthServiceApplicationTests using Java 21.0.3 with PID 6540 (started by yuryz in C:\Users\yuryz\coursework\AuthService)
2024-05-19T18:54:15.674+03:00  INFO 6540 --- [AuthService] [    Test worker] c.A.AuthServiceApplicationTests          : No active profile set, falling back to 1 default profile: "default"
2024-05-19T18:54:16.556+03:00  INFO 6540 --- [AuthService] [    Test worker] .s.d.r.c.RepositoryConfigurationDelegate : Multiple Spring Data modules found, entering strict repository configuration mode
2024-05-19T18:54:16.560+03:00  INFO 6540 --- [AuthService] [    Test worker] .s.d.r.c.RepositoryConfigurationDelegate : Bootstrapping Spring Data Redis repositories in DEFAULT mode.
2024-05-19T18:54:16.601+03:00  INFO 6540 --- [AuthService] [    Test worker] .s.d.r.c.RepositoryConfigurationDelegate : Finished Spring Data repository scanning in 17 ms. Found 0 Redis repository interfaces.
2024-05-19T18:54:18.170+03:00  INFO 6540 --- [AuthService] [    Test worker] c.A.AuthServiceApplicationTests          : Started AuthServiceApplicationTests in 2.826 seconds (process running for 4.621)
]]></system-out>
  <system-err><![CDATA[WARNING: A Java agent has been loaded dynamically (C:\Users\yuryz\.gradle\caches\modules-2\files-2.1\net.bytebuddy\byte-buddy-agent\1.14.13\979ce25f7d3096a2e82214ba7dc972a05ce7a171\byte-buddy-agent-1.14.13.jar)
WARNING: If a serviceability tool is in use, please run with -XX:+EnableDynamicAgentLoading to hide this warning
WARNING: If a serviceability tool is not in use, please run with -Djdk.instrument.traceUsage for more information
WARNING: Dynamic loading of agents will be disallowed by default in a future release
]]></system-err>
</testsuite>
